Traversals per thread: 1
CFR ITER = 1
COLLECTED ADVS = 541797
TOTAL TRAINING SAMPLES = 16000
Epoch 1/10, Loss: 780.19
Epoch 2/10, Loss: 772.478
Epoch 3/10, Loss: 754.278
Epoch 4/10, Loss: 717.408
Epoch 5/10, Loss: 671.11
Epoch 6/10, Loss: 747.401
Epoch 7/10, Loss: 674.31
Epoch 8/10, Loss: 662.02
Epoch 9/10, Loss: 674.04
Epoch 10/10, Loss: 683.205
Epoch 1/10, Loss: 728.451
Epoch 2/10, Loss: 715.874
Epoch 3/10, Loss: 699.047
Epoch 4/10, Loss: 701.746
Epoch 5/10, Loss: 700.665
Epoch 6/10, Loss: 694.861
Epoch 7/10, Loss: 693.297
Epoch 8/10, Loss: 692.415
Epoch 9/10, Loss: 686.615
Epoch 10/10, Loss: 684.259
Epoch 1/10, Loss: 755.465
Epoch 2/10, Loss: 877.765
Epoch 3/10, Loss: 744.911
Epoch 4/10, Loss: 765.856
Epoch 5/10, Loss: 790.689
Epoch 6/10, Loss: 803.357
Epoch 7/10, Loss: 806.74
Epoch 8/10, Loss: 803.369
Epoch 9/10, Loss: 794.378
Epoch 10/10, Loss: 780.355
Epoch 1/10, Loss: 765.031
Epoch 2/10, Loss: 771.508
Epoch 3/10, Loss: 734.107
Epoch 4/10, Loss: 737.969
Epoch 5/10, Loss: 737.566
Epoch 6/10, Loss: 727.916
Epoch 7/10, Loss: 719.879
Epoch 8/10, Loss: 718.089
Epoch 9/10, Loss: 708.641
Epoch 10/10, Loss: 701.255
Epoch 1/10, Loss: 681.421
Epoch 2/10, Loss: 699.252
Epoch 3/10, Loss: 685.755
Epoch 4/10, Loss: 690.717
Epoch 5/10, Loss: 678.646
Epoch 6/10, Loss: 665.015
Epoch 7/10, Loss: 671.971
Epoch 8/10, Loss: 668.587
Epoch 9/10, Loss: 656.474
Epoch 10/10, Loss: 653.764
Epoch 1/10, Loss: 844.917
Epoch 2/10, Loss: 868.553
Epoch 3/10, Loss: 826.233
Epoch 4/10, Loss: 842.59
Epoch 5/10, Loss: 844.85
Epoch 6/10, Loss: 834.082
Epoch 7/10, Loss: 818.423
Epoch 8/10, Loss: 809.232
Epoch 9/10, Loss: 814.817
Epoch 10/10, Loss: 817.566
Epoch 1/10, Loss: 798.317
Epoch 2/10, Loss: 809.911
Epoch 3/10, Loss: 802.893
Epoch 4/10, Loss: 778.904
Epoch 5/10, Loss: 774.266
Epoch 6/10, Loss: 779.759
Epoch 7/10, Loss: 767.675
Epoch 8/10, Loss: 763.971
Epoch 9/10, Loss: 764.393
Epoch 10/10, Loss: 762.522
Epoch 1/10, Loss: 727.305
Epoch 2/10, Loss: 779.529
Epoch 3/10, Loss: 715.249
Epoch 4/10, Loss: 732.016
Epoch 5/10, Loss: 744.877
Epoch 6/10, Loss: 744.035
Epoch 7/10, Loss: 733.219
Epoch 8/10, Loss: 717.405
Epoch 9/10, Loss: 703.738
Epoch 10/10, Loss: 701.24
Epoch 1/10, Loss: 795.13
Epoch 2/10, Loss: 786.3
Epoch 3/10, Loss: 790.267
Epoch 4/10, Loss: 777.22
Epoch 5/10, Loss: 766.285
Epoch 6/10, Loss: 769.731
Epoch 7/10, Loss: 759.643
Epoch 8/10, Loss: 748.793
Epoch 9/10, Loss: 747.599
Epoch 10/10, Loss: 749.593
Epoch 1/10, Loss: 656.771
Epoch 2/10, Loss: 654.066
Epoch 3/10, Loss: 643.757
Epoch 4/10, Loss: 646.421
Epoch 5/10, Loss: 639.319
Epoch 6/10, Loss: 632.26
Epoch 7/10, Loss: 630.17
Epoch 8/10, Loss: 628.014
Epoch 9/10, Loss: 623.111
Epoch 10/10, Loss: 617.792
Epoch 1/10, Loss: 747.381
Epoch 2/10, Loss: 748.607
Epoch 3/10, Loss: 737.192
Epoch 4/10, Loss: 731.214
Epoch 5/10, Loss: 729.278
Epoch 6/10, Loss: 719.859
Epoch 7/10, Loss: 714.224
Epoch 8/10, Loss: 710.363
Epoch 9/10, Loss: 706.8
Epoch 10/10, Loss: 701.817
Epoch 1/10, Loss: 608.638
Epoch 2/10, Loss: 626.278
Epoch 3/10, Loss: 604.599
Epoch 4/10, Loss: 585.932
Epoch 5/10, Loss: 594.978
Epoch 6/10, Loss: 583.386
Epoch 7/10, Loss: 571.929
Epoch 8/10, Loss: 571.331
Epoch 9/10, Loss: 571.166
Epoch 10/10, Loss: 566.411
Epoch 1/10, Loss: 684.414
Epoch 2/10, Loss: 678.699
Epoch 3/10, Loss: 666.833
Epoch 4/10, Loss: 659.377
Epoch 5/10, Loss: 651.891
Epoch 6/10, Loss: 651.932
Epoch 7/10, Loss: 645.634
Epoch 8/10, Loss: 638.919
Epoch 9/10, Loss: 634.577
Epoch 10/10, Loss: 629.598
Epoch 1/10, Loss: 595.261
Epoch 2/10, Loss: 591.279
Epoch 3/10, Loss: 581.888
Epoch 4/10, Loss: 574.305
Epoch 5/10, Loss: 570.157
Epoch 6/10, Loss: 566.157
Epoch 7/10, Loss: 561.767
Epoch 8/10, Loss: 556.294
Epoch 9/10, Loss: 553.148
Epoch 10/10, Loss: 548.945
Epoch 1/10, Loss: 678.841
Epoch 2/10, Loss: 673.49
Epoch 3/10, Loss: 663.729
Epoch 4/10, Loss: 657.076
Epoch 5/10, Loss: 649.559
Epoch 6/10, Loss: 648.08
Epoch 7/10, Loss: 639.139
Epoch 8/10, Loss: 633.051
Epoch 9/10, Loss: 630.724
Epoch 10/10, Loss: 625.668
successfully saved at: ../out/20241005234550/1/0/model.pt
CFR ITER = 1
COLLECTED ADVS = 544396
TOTAL TRAINING SAMPLES = 16000
Epoch 1/10, Loss: 823.154
Epoch 2/10, Loss: 816.375
Epoch 3/10, Loss: 801.359
Epoch 4/10, Loss: 770.752
Epoch 5/10, Loss: 727.99
Epoch 6/10, Loss: 759.382
Epoch 7/10, Loss: 724.932
Epoch 8/10, Loss: 713.449
Epoch 9/10, Loss: 719.599
Epoch 10/10, Loss: 723.84
Epoch 1/10, Loss: 774.908
Epoch 2/10, Loss: 793.972
Epoch 3/10, Loss: 754.384
Epoch 4/10, Loss: 763.884
Epoch 5/10, Loss: 769.544
Epoch 6/10, Loss: 765.563
Epoch 7/10, Loss: 755.787
Epoch 8/10, Loss: 748.143
Epoch 9/10, Loss: 750.673
Epoch 10/10, Loss: 751.332
Epoch 1/10, Loss: 720.421
Epoch 2/10, Loss: 740.067
Epoch 3/10, Loss: 723.954
Epoch 4/10, Loss: 708.317
Epoch 5/10, Loss: 726.155
Epoch 6/10, Loss: 705.398
Epoch 7/10, Loss: 703.242
Epoch 8/10, Loss: 707.032
Epoch 9/10, Loss: 704.75
Epoch 10/10, Loss: 697.378
Epoch 1/10, Loss: 838.244
Epoch 2/10, Loss: 847.468
Epoch 3/10, Loss: 841.027
Epoch 4/10, Loss: 847.829
Epoch 5/10, Loss: 834.66
Epoch 6/10, Loss: 820.005
Epoch 7/10, Loss: 825.717
Epoch 8/10, Loss: 819.882
Epoch 9/10, Loss: 809.762
Epoch 10/10, Loss: 807.817
Epoch 1/10, Loss: 785.531
Epoch 2/10, Loss: 887.745
Epoch 3/10, Loss: 771.736
Epoch 4/10, Loss: 793.416
Epoch 5/10, Loss: 815.798
Epoch 6/10, Loss: 823.294
Epoch 7/10, Loss: 820.2
Epoch 8/10, Loss: 809.882
Epoch 9/10, Loss: 794.723
Epoch 10/10, Loss: 778.113
Epoch 1/10, Loss: 755.906
Epoch 2/10, Loss: 739.328
Epoch 3/10, Loss: 732.925
Epoch 4/10, Loss: 722.407
Epoch 5/10, Loss: 719.55
Epoch 6/10, Loss: 712.52
Epoch 7/10, Loss: 712.49
Epoch 8/10, Loss: 705.099
Epoch 9/10, Loss: 698.093
Epoch 10/10, Loss: 695.418
Epoch 1/10, Loss: 661.258
Epoch 2/10, Loss: 652.87
Epoch 3/10, Loss: 652.346
Epoch 4/10, Loss: 639.759
Epoch 5/10, Loss: 634.413
Epoch 6/10, Loss: 629.144
Epoch 7/10, Loss: 628.052
Epoch 8/10, Loss: 626.918
Epoch 9/10, Loss: 620.51
Epoch 10/10, Loss: 613.255
Epoch 1/10, Loss: 761.274
Epoch 2/10, Loss: 764.12
Epoch 3/10, Loss: 747.183
Epoch 4/10, Loss: 746.415
Epoch 5/10, Loss: 739.8
Epoch 6/10, Loss: 733.678
Epoch 7/10, Loss: 729.539
Epoch 8/10, Loss: 724.309
Epoch 9/10, Loss: 719.942
Epoch 10/10, Loss: 713.808
Epoch 1/10, Loss: 673.993
Epoch 2/10, Loss: 675.596
Epoch 3/10, Loss: 668.542
Epoch 4/10, Loss: 662.691
Epoch 5/10, Loss: 650.797
Epoch 6/10, Loss: 647.064
Epoch 7/10, Loss: 649.282
Epoch 8/10, Loss: 645.347
Epoch 9/10, Loss: 637.112
Epoch 10/10, Loss: 632.017
Epoch 1/10, Loss: 584.056
Epoch 2/10, Loss: 596.596
Epoch 3/10, Loss: 574.227
Epoch 4/10, Loss: 575.875
Epoch 5/10, Loss: 563.716
Epoch 6/10, Loss: 558.191
Epoch 7/10, Loss: 558.762
Epoch 8/10, Loss: 556.328
Epoch 9/10, Loss: 550.909
Epoch 10/10, Loss: 545.196
Epoch 1/10, Loss: 678.314
Epoch 2/10, Loss: 678.406
Epoch 3/10, Loss: 679.791
Epoch 4/10, Loss: 660.272
Epoch 5/10, Loss: 658.823
Epoch 6/10, Loss: 654.667
Epoch 7/10, Loss: 649.048
Epoch 8/10, Loss: 645.138
Epoch 9/10, Loss: 640.875
Epoch 10/10, Loss: 636.06
Epoch 1/10, Loss: 677.273
Epoch 2/10, Loss: 680.45
Epoch 3/10, Loss: 660.044
Epoch 4/10, Loss: 654.446
Epoch 5/10, Loss: 650.684
Epoch 6/10, Loss: 648.372
Epoch 7/10, Loss: 643.185
Epoch 8/10, Loss: 636.149
Epoch 9/10, Loss: 631.651
Epoch 10/10, Loss: 627.964
Epoch 1/10, Loss: 608.685
Epoch 2/10, Loss: 601.574
Epoch 3/10, Loss: 590.477
Epoch 4/10, Loss: 584.022
Epoch 5/10, Loss: 577.073
Epoch 6/10, Loss: 569.925
Epoch 7/10, Loss: 561.868
Epoch 8/10, Loss: 554.987
Epoch 9/10, Loss: 547.624
Epoch 10/10, Loss: 538.829
Epoch 1/10, Loss: 714.667
Epoch 2/10, Loss: 735.253
Epoch 3/10, Loss: 712.366
Epoch 4/10, Loss: 689.237
Epoch 5/10, Loss: 692.325
Epoch 6/10, Loss: 686.875
Epoch 7/10, Loss: 676.038
Epoch 8/10, Loss: 672.342
Epoch 9/10, Loss: 670.906
Epoch 10/10, Loss: 667.549
Epoch 1/10, Loss: 664.324
Epoch 2/10, Loss: 674.333
Epoch 3/10, Loss: 644.016
Epoch 4/10, Loss: 650.112
Epoch 5/10, Loss: 642.004
Epoch 6/10, Loss: 628.961
Epoch 7/10, Loss: 625.743
Epoch 8/10, Loss: 619.373
Epoch 9/10, Loss: 608.261
Epoch 10/10, Loss: 603.27
successfully saved at: ../out/20241005234550/1/1/model.pt
CFR ITER = 2
COLLECTED ADVS = 983967
TOTAL TRAINING SAMPLES = 16000
Epoch 1/10, Loss: 1461.6
Epoch 2/10, Loss: 1448.75
Epoch 3/10, Loss: 1414.63
Epoch 4/10, Loss: 1342.32
Epoch 5/10, Loss: 1230.76
Epoch 6/10, Loss: 1235.64
Epoch 7/10, Loss: 1214.25
Epoch 8/10, Loss: 1175.61
Epoch 9/10, Loss: 1183
Epoch 10/10, Loss: 1191.09
Epoch 1/10, Loss: 1253.09
Epoch 2/10, Loss: 1419.53
Epoch 3/10, Loss: 1233.67
Epoch 4/10, Loss: 1266.78
Epoch 5/10, Loss: 1303.81
Epoch 6/10, Loss: 1321.3
Epoch 7/10, Loss: 1323
Epoch 8/10, Loss: 1312.51
Epoch 9/10, Loss: 1292.08
Epoch 10/10, Loss: 1264.69
Epoch 1/10, Loss: 1216.39
Epoch 2/10, Loss: 1314.58
Epoch 3/10, Loss: 1194.71
Epoch 4/10, Loss: 1219.34
Epoch 5/10, Loss: 1243.73
Epoch 6/10, Loss: 1248
Epoch 7/10, Loss: 1235.05
Epoch 8/10, Loss: 1210.18
Epoch 9/10, Loss: 1184.66
Epoch 10/10, Loss: 1180.6
Epoch 1/10, Loss: 1179.02
Epoch 2/10, Loss: 1179.28
Epoch 3/10, Loss: 1199.75
Epoch 4/10, Loss: 1181.31
Epoch 5/10, Loss: 1148.17
Epoch 6/10, Loss: 1137.32
Epoch 7/10, Loss: 1161.05
Epoch 8/10, Loss: 1144.18
Epoch 9/10, Loss: 1122.67
Epoch 10/10, Loss: 1122.45
Epoch 1/10, Loss: 1122.59
Epoch 2/10, Loss: 1222.85
Epoch 3/10, Loss: 1103.83
Epoch 4/10, Loss: 1128.2
Epoch 5/10, Loss: 1154.49
Epoch 6/10, Loss: 1160.49
Epoch 7/10, Loss: 1149.11
Epoch 8/10, Loss: 1125.84
Epoch 9/10, Loss: 1100.49
Epoch 10/10, Loss: 1091.19
Epoch 1/10, Loss: 1015.85
Epoch 2/10, Loss: 1013.15
Epoch 3/10, Loss: 1029.62
Epoch 4/10, Loss: 1015.03
Epoch 5/10, Loss: 986.846
Epoch 6/10, Loss: 972.09
Epoch 7/10, Loss: 992.345
Epoch 8/10, Loss: 982.002
Epoch 9/10, Loss: 960.493
Epoch 10/10, Loss: 957.159
Epoch 1/10, Loss: 1190.28
Epoch 2/10, Loss: 1252.23
Epoch 3/10, Loss: 1162.59
Epoch 4/10, Loss: 1180.06
Epoch 5/10, Loss: 1196.23
Epoch 6/10, Loss: 1191.77
Epoch 7/10, Loss: 1172.05
Epoch 8/10, Loss: 1148.19
Epoch 9/10, Loss: 1137.71
Epoch 10/10, Loss: 1148.9
Epoch 1/10, Loss: 1070.71
Epoch 2/10, Loss: 1062.43
Epoch 3/10, Loss: 1083.11
Epoch 4/10, Loss: 1069.19
Epoch 5/10, Loss: 1039.75
Epoch 6/10, Loss: 1018.05
Epoch 7/10, Loss: 1027.42
Epoch 8/10, Loss: 1029.35
Epoch 9/10, Loss: 1007.27
Epoch 10/10, Loss: 996.918
Epoch 1/10, Loss: 1055.83
Epoch 2/10, Loss: 1104.76
Epoch 3/10, Loss: 1034.89
Epoch 4/10, Loss: 1051.77
Epoch 5/10, Loss: 1060.54
Epoch 6/10, Loss: 1050.51
Epoch 7/10, Loss: 1030.98
Epoch 8/10, Loss: 1017.89
Epoch 9/10, Loss: 1020.62
Epoch 10/10, Loss: 1017.85
Epoch 1/10, Loss: 1187.99
Epoch 2/10, Loss: 1195.2
Epoch 3/10, Loss: 1164.42
Epoch 4/10, Loss: 1150.37
Epoch 5/10, Loss: 1151.83
Epoch 6/10, Loss: 1131.73
Epoch 7/10, Loss: 1123.43
Epoch 8/10, Loss: 1119.56
Epoch 9/10, Loss: 1111.27
Epoch 10/10, Loss: 1102.54
Epoch 1/10, Loss: 1133.43
Epoch 2/10, Loss: 1124.01
Epoch 3/10, Loss: 1100.01
Epoch 4/10, Loss: 1092.2
Epoch 5/10, Loss: 1069.22
Epoch 6/10, Loss: 1063.43
Epoch 7/10, Loss: 1058.72
Epoch 8/10, Loss: 1045.1
Epoch 9/10, Loss: 1033.26
Epoch 10/10, Loss: 1018.94
Epoch 1/10, Loss: 1121.32
Epoch 2/10, Loss: 1120.38
Epoch 3/10, Loss: 1076.35
Epoch 4/10, Loss: 1076.53
Epoch 5/10, Loss: 1070.4
Epoch 6/10, Loss: 1052.75
Epoch 7/10, Loss: 1048.48
Epoch 8/10, Loss: 1043.77
Epoch 9/10, Loss: 1031.46
Epoch 10/10, Loss: 1017.12
Epoch 1/10, Loss: 1080.08
Epoch 2/10, Loss: 1083.17
Epoch 3/10, Loss: 1063.16
Epoch 4/10, Loss: 1032.86
Epoch 5/10, Loss: 1028.85
Epoch 6/10, Loss: 1028.11
Epoch 7/10, Loss: 1013.63
Epoch 8/10, Loss: 1006.37
Epoch 9/10, Loss: 1002.61
Epoch 10/10, Loss: 994.643
Epoch 1/10, Loss: 1067.55
Epoch 2/10, Loss: 1063.68
Epoch 3/10, Loss: 1038.92
Epoch 4/10, Loss: 1039.45
Epoch 5/10, Loss: 1017.6
Epoch 6/10, Loss: 997.734
Epoch 7/10, Loss: 997.307
Epoch 8/10, Loss: 980.876
Epoch 9/10, Loss: 961.713
Epoch 10/10, Loss: 953.042
Epoch 1/10, Loss: 1060.64
Epoch 2/10, Loss: 1030.09
Epoch 3/10, Loss: 1016.24
Epoch 4/10, Loss: 1006.88
Epoch 5/10, Loss: 991.858
Epoch 6/10, Loss: 978.854
Epoch 7/10, Loss: 967.45
Epoch 8/10, Loss: 949.622
Epoch 9/10, Loss: 933.797
Epoch 10/10, Loss: 918.803
successfully saved at: ../out/20241005234550/2/0/model.pt
CFR ITER = 2
COLLECTED ADVS = 985918
TOTAL TRAINING SAMPLES = 16000
Epoch 1/10, Loss: 1515.6
Epoch 2/10, Loss: 1500.52
Epoch 3/10, Loss: 1463.94
Epoch 4/10, Loss: 1388.69
Epoch 5/10, Loss: 1280.88
Epoch 6/10, Loss: 1322.29
Epoch 7/10, Loss: 1263.92
Epoch 8/10, Loss: 1228.84
Epoch 9/10, Loss: 1237.9
Epoch 10/10, Loss: 1245.99
Epoch 1/10, Loss: 1163.28
Epoch 2/10, Loss: 1310.79
Epoch 3/10, Loss: 1145.16
Epoch 4/10, Loss: 1174.62
Epoch 5/10, Loss: 1209.04
Epoch 6/10, Loss: 1224.7
Epoch 7/10, Loss: 1224.93
Epoch 8/10, Loss: 1213.14
Epoch 9/10, Loss: 1191.92
Epoch 10/10, Loss: 1165.53
Epoch 1/10, Loss: 1334.22
Epoch 2/10, Loss: 1451.19
Epoch 3/10, Loss: 1310.52
Epoch 4/10, Loss: 1337.81
Epoch 5/10, Loss: 1368.63
Epoch 6/10, Loss: 1376.62
Epoch 7/10, Loss: 1365.13
Epoch 8/10, Loss: 1340.46
Epoch 9/10, Loss: 1313.03
Epoch 10/10, Loss: 1301.16
Epoch 1/10, Loss: 1128.93
Epoch 2/10, Loss: 1124.92
Epoch 3/10, Loss: 1144.17
Epoch 4/10, Loss: 1127.46
Epoch 5/10, Loss: 1096.2
Epoch 6/10, Loss: 1081.99
Epoch 7/10, Loss: 1105.2
Epoch 8/10, Loss: 1096.7
Epoch 9/10, Loss: 1074.12
Epoch 10/10, Loss: 1071.11
Epoch 1/10, Loss: 1282.62
Epoch 2/10, Loss: 1372.11
Epoch 3/10, Loss: 1262.89
Epoch 4/10, Loss: 1282.81
Epoch 5/10, Loss: 1306.07
Epoch 6/10, Loss: 1309.41
Epoch 7/10, Loss: 1296.16
Epoch 8/10, Loss: 1273.37
Epoch 9/10, Loss: 1252.93
Epoch 10/10, Loss: 1251.8
Epoch 1/10, Loss: 1186.41
Epoch 2/10, Loss: 1169.93
Epoch 3/10, Loss: 1193.42
Epoch 4/10, Loss: 1185.82
Epoch 5/10, Loss: 1161.1
Epoch 6/10, Loss: 1137.03
Epoch 7/10, Loss: 1141.08
Epoch 8/10, Loss: 1157.52
Epoch 9/10, Loss: 1140.74
Epoch 10/10, Loss: 1124.29
Epoch 1/10, Loss: 1198.28
Epoch 2/10, Loss: 1248.9
Epoch 3/10, Loss: 1170.42
Epoch 4/10, Loss: 1185.35
Epoch 5/10, Loss: 1198.95
Epoch 6/10, Loss: 1191.45
Epoch 7/10, Loss: 1170.37
Epoch 8/10, Loss: 1151.7
Epoch 9/10, Loss: 1153.07
Epoch 10/10, Loss: 1160.21
Epoch 1/10, Loss: 1314.26
Epoch 2/10, Loss: 1320.23
Epoch 3/10, Loss: 1316.9
Epoch 4/10, Loss: 1280.62
Epoch 5/10, Loss: 1253.38
Epoch 6/10, Loss: 1270.27
Epoch 7/10, Loss: 1265.85
Epoch 8/10, Loss: 1240.97
Epoch 9/10, Loss: 1233.26
Epoch 10/10, Loss: 1235.02
Epoch 1/10, Loss: 1204.75
Epoch 2/10, Loss: 1274.07
Epoch 3/10, Loss: 1180.37
Epoch 4/10, Loss: 1202.2
Epoch 5/10, Loss: 1218.99
Epoch 6/10, Loss: 1213.49
Epoch 7/10, Loss: 1194.48
Epoch 8/10, Loss: 1172.56
Epoch 9/10, Loss: 1161.86
Epoch 10/10, Loss: 1168.13
Epoch 1/10, Loss: 1074.02
Epoch 2/10, Loss: 1062.22
Epoch 3/10, Loss: 1073.95
Epoch 4/10, Loss: 1057.3
Epoch 5/10, Loss: 1031.73
Epoch 6/10, Loss: 1021.74
Epoch 7/10, Loss: 1024.72
Epoch 8/10, Loss: 1008.4
Epoch 9/10, Loss: 1002.72
Epoch 10/10, Loss: 1002.44
Epoch 1/10, Loss: 1130.08
Epoch 2/10, Loss: 1143.57
Epoch 3/10, Loss: 1108.57
Epoch 4/10, Loss: 1118.3
Epoch 5/10, Loss: 1109.26
Epoch 6/10, Loss: 1091.18
Epoch 7/10, Loss: 1084.5
Epoch 8/10, Loss: 1085.27
Epoch 9/10, Loss: 1069.9
Epoch 10/10, Loss: 1054.01
Epoch 1/10, Loss: 1067.97
Epoch 2/10, Loss: 1115.19
Epoch 3/10, Loss: 1039.99
Epoch 4/10, Loss: 1065.79
Epoch 5/10, Loss: 1074.81
Epoch 6/10, Loss: 1057.88
Epoch 7/10, Loss: 1033.78
Epoch 8/10, Loss: 1018.7
Epoch 9/10, Loss: 1021.72
Epoch 10/10, Loss: 1024.74
Epoch 1/10, Loss: 1192.13
Epoch 2/10, Loss: 1227.94
Epoch 3/10, Loss: 1170.91
Epoch 4/10, Loss: 1174.27
Epoch 5/10, Loss: 1168.68
Epoch 6/10, Loss: 1139.35
Epoch 7/10, Loss: 1136.89
Epoch 8/10, Loss: 1135.43
Epoch 9/10, Loss: 1117.13
Epoch 10/10, Loss: 1094.62
Epoch 1/10, Loss: 1114.33
Epoch 2/10, Loss: 1134.21
Epoch 3/10, Loss: 1099.8
Epoch 4/10, Loss: 1066.52
Epoch 5/10, Loss: 1060.8
Epoch 6/10, Loss: 1073.86
Epoch 7/10, Loss: 1061.84
Epoch 8/10, Loss: 1042.06
Epoch 9/10, Loss: 1033.72
Epoch 10/10, Loss: 1031.1
Epoch 1/10, Loss: 1049.76
Epoch 2/10, Loss: 1031.13
Epoch 3/10, Loss: 1026.87
Epoch 4/10, Loss: 1008.08
Epoch 5/10, Loss: 997.753
Epoch 6/10, Loss: 978.608
Epoch 7/10, Loss: 968.049
Epoch 8/10, Loss: 950.645
Epoch 9/10, Loss: 933.537
Epoch 10/10, Loss: 916.619
successfully saved at: ../out/20241005234550/2/1/model.pt
